#
# A fatal error has been detected by the Java Runtime Environment:
#
#  SIGSEGV (0xb) at pc=0x000000010f542ab5, pid=25547, tid=0x000000000001350b
#
# JRE version: OpenJDK Runtime Environment (8.0_212) (build 1.8.0_212-release-1586-b4-5784211)
# Java VM: OpenJDK 64-Bit Server VM (25.212-b4-5784211 mixed mode bsd-amd64 compressed oops)
# Problematic frame:
# J 40608 C2 java.util.Arrays.hashCode([Ljava/lang/Object;)I (56 bytes) @ 0x000000010f542ab5 [0x000000010f542a60+0x55]
#
# Failed to write core dump. Core dumps have been disabled. To enable core dumping, try "ulimit -c unlimited" before starting Java again
#
# If you would like to submit a bug report, please visit:
#   http://bugreport.java.com/bugreport/crash.jsp
#

---------------  T H R E A D  ---------------

Current thread (0x00007f8bbde58800):  JavaThread "WorkerExecutor Queue Thread 10" [_thread_in_Java, id=79115, stack(0x000070000b643000,0x000070000b743000)]

siginfo: si_signo: 11 (SIGSEGV), si_code: 1 (SEGV_MAPERR), si_addr: 0x0000000000800058

Registers:
RAX=0x00000007a6a62498, RBX=0x0000000000000005, RCX=0x00000000f1141907, RDX=0x0000000000000000
RSP=0x000070000b740bc0, RBP=0x000000000000001f, RSI=0x0000000788a0c838, RDI=0x00000007a6a6239c
R8 =0x0000000000000000, R9 =0x0000000788a0c838, R10=0x000000000010000a, R11=0x0000000003d35310
R12=0x0000000000000000, R13=0x0000000000000080, R14=0x00000007a6a62228, R15=0x00007f8bbde58800
RIP=0x000000010f542ab5, EFLAGS=0x0000000000010206, ERR=0x0000000000000004
  TRAPNO=0x000000000000000e

Top of Stack: (sp=0x000070000b740bc0)
0x000070000b740bc0:   000000076aac0938 000000010e2de834
0x000070000b740bd0:   0000000788a03bb8 00000007a5bc4450
0x000070000b740be0:   00000000000000a4 000000010f5be640
0x000070000b740bf0:   0000000788a04048 00000007a5bc4450
0x000070000b740c00:   00000007a6a620e0 00000007a6a62120
0x000070000b740c10:   f1141907000000a4 0000000788a04168
0x000070000b740c20:   0000000788a04230 000000010f3492a8
0x000070000b740c30:   0000000788a0d1a8 000000010f3492a8
0x000070000b740c40:   0000000788a03b90 00000007a5bc4450
0x000070000b740c50:   0000000000000000 00000001ffffffff
0x000070000b740c60:   000000078b75a300 00000007a5bc4450
0x000070000b740c70:   0000000788a034f0 000000010b654764
0x000070000b740c80:   00000007be2f8c98 00000007a5bc4450
0x000070000b740c90:   000000078bc17ab8 000000010c661d4c
0x000070000b740ca0:   0000000788a0d160 000000010b65504c
0x000070000b740cb0:   000070000b741258 0000000108705ea8
0x000070000b740cc0:   00007f8bbde58800 00007f8bbde58800
0x000070000b740cd0:   000070000b741258 000000010d18f8f4
0x000070000b740ce0:   000070000b740d30 0000000108aaf23f
0x000070000b740cf0:   00000007bfd0cec0 0000000000000000
0x000070000b740d00:   00000007a5bc4570 00000001091e1040
0x000070000b740d10:   00007f8bbde589c0 00000002f4b788ae
0x000070000b740d20:   000070000b741258 0000000108705ea8
0x000070000b740d30:   00000007bfd0cec0 000000010a7a532c
0x000070000b740d40:   000070000b741258 000000010d18f8f4
0x000070000b740d50:   00000007a5bc4600 00000001091e1040
0x000070000b740d60:   000070000b740f40 0000000788a03d50
0x000070000b740d70:   00000007a5bc4450 000000010273c000
0x000070000b740d80:   00000000ffffffff 3ff0000000000000
0x000070000b740d90:   0000000788a034f0 000000010f3492a8
0x000070000b740da0:   00000007a6a61bc0 0000000200000005
0x000070000b740db0:   00000007a6a61bc0 000000010882f51c 

Instructions: (pc=0x000000010f542ab5)
0x000000010f542a95:   83 b9 00 00 00 bd 1f 00 00 00 45 33 c0 eb 07 8b
0x000000010f542aa5:   e8 c1 e5 05 2b e8 47 8b 54 81 10 45 85 d2 74 6f
0x000000010f542ab5:   47 8b 5c d4 08 4b 8d 34 d4 49 ba 00 00 00 00 00
0x000000010f542ac5:   00 00 00 4f 8d 14 da 4d 8b 92 c0 01 00 00 49 bb 

Register to memory mapping:

RAX=0x00000007a6a62498 is an oop
[Lcom.android.tools.r8.graph.DexDebugEvent; 
 - klass: 'com/android/tools/r8/graph/DexDebugEvent'[]
 - length: 65
RBX=0x0000000000000005 is an unknown value
RCX=0x00000000f1141907 is an unknown value
RDX=0x0000000000000000 is an unknown value
RSP=0x000070000b740bc0 is pointing into the stack for thread: 0x00007f8bbde58800
RBP=0x000000000000001f is an unknown value
RSI=0x0000000788a0c838 is an oop
com.android.tools.r8.code.b2 
 - klass: 'com/android/tools/r8/code/b2'
RDI=0x00000007a6a6239c is an unknown value
R8 =0x0000000000000000 is an unknown value
R9 =0x0000000788a0c838 is an oop
com.android.tools.r8.code.b2 
 - klass: 'com/android/tools/r8/code/b2'
R10=0x000000000010000a is an unknown value
R11=0x0000000003d35310 is an unknown value
R12=0x0000000000000000 is an unknown value
R13=0x0000000000000080 is an unknown value
R14=0x00000007a6a62228 is an oop
[[Ljava.lang.Object; 
 - klass: 'java/lang/Object'[][]
 - length: 8
R15=0x00007f8bbde58800 is a thread


Stack: [0x000070000b643000,0x000070000b743000],  sp=0x000070000b740bc0,  free space=1014k
Native frames: (J=compiled Java code, j=interpreted, Vv=VM code, C=native code)
J 40608 C2 java.util.Arrays.hashCode([Ljava/lang/Object;)I (56 bytes) @ 0x000000010f542ab5 [0x000000010f542a60+0x55]
J 39441 C2 com.android.tools.r8.graph.D.collectIndexedItems(Lcom/android/tools/r8/dex/s;Lcom/android/tools/r8/graph/X;I)V (186 bytes) @ 0x000000010f5be640 [0x000000010f5bdce0+0x960]
J 37242 C1 com.android.tools.r8.graph.Q.collectIndexedItems(Lcom/android/tools/r8/dex/s;Lcom/android/tools/r8/graph/X;I)V (48 bytes) @ 0x000000010b654764 [0x000000010b654680+0xe4]
J 38344 C2 com.android.tools.r8.graph.T.a([Lcom/android/tools/r8/graph/T;Ljava/util/function/Consumer;)V (39 bytes) @ 0x000000010f3492a8 [0x000000010f348fa0+0x308]
J 37302 C1 com.android.tools.r8.graph.Z.collectIndexedItems(Lcom/android/tools/r8/dex/s;Lcom/android/tools/r8/graph/X;I)V (223 bytes) @ 0x000000010cc312e4 [0x000000010cc30ac0+0x824]
J 40201 C1 com.android.tools.r8.dex.M$i.call()Ljava/util/Map; (835 bytes) @ 0x000000010f47d47c [0x000000010f47cbe0+0x89c]
j  com.android.tools.r8.dex.M$e.a()Ljava/util/Collection;+628
j  com.android.tools.r8.dex.b.b(Ljava/util/concurrent/ExecutorService;)Ljava/lang/Iterable;+120
j  com.android.tools.r8.dex.b.a(Ljava/util/concurrent/ExecutorService;)V+215
J 40057 C1 com.android.tools.r8.D8.d(Lcom/android/tools/r8/utils/e;Lcom/android/tools/r8/utils/Z;Ljava/util/concurrent/ExecutorService;)V (502 bytes) @ 0x000000010f40ca14 [0x000000010f40b820+0x11f4]
j  com.android.tools.r8.D8.b(Lcom/android/tools/r8/utils/e;Lcom/android/tools/r8/utils/Z;Ljava/util/concurrent/ExecutorService;)V+3
j  com.android.tools.r8.D8$$Lambda$1276.run()V+12
j  com.android.tools.r8.utils.P.a(Lcom/android/tools/r8/utils/F0;Lcom/android/tools/r8/utils/P$a;)V+2
j  com.android.tools.r8.D8.run(Lcom/android/tools/r8/D8Command;Ljava/util/concurrent/ExecutorService;)V+22
j  com.android.builder.dexing.D8DexArchiveMerger.mergeDexArchives(Ljava/util/Iterator;Ljava/nio/file/Path;Ljava/nio/file/Path;Lcom/android/builder/dexing/DexingType;)V+432
j  com.android.build.gradle.internal.transforms.DexMergerTransformCallable.call()Ljava/lang/Void;+175
j  com.android.build.gradle.internal.tasks.DexMergingTaskRunnable.run()V+736
j  com.android.build.gradle.internal.tasks.Workers$ActionFacade.run()V+129
j  org.gradle.workers.internal.AdapterWorkAction.execute()V+51
j  org.gradle.workers.internal.DefaultWorkerServer.execute(Lorg/gradle/workers/internal/ActionExecutionSpec;)Lorg/gradle/workers/internal/DefaultWorkResult;+107
j  org.gradle.workers.internal.NoIsolationWorkerFactory$1$1.create()Lorg/gradle/workers/internal/DefaultWorkResult;+8
j  org.gradle.workers.internal.NoIsolationWorkerFactory$1$1.create()Ljava/lang/Object;+1
j  org.gradle.internal.classloader.ClassLoaderUtils.executeInClassloader(Ljava/lang/ClassLoader;Lorg/gradle/internal/Factory;)Ljava/lang/Object;+15
j  org.gradle.workers.internal.NoIsolationWorkerFactory$1.lambda$execute$0(Lorg/gradle/workers/WorkerExecutor;Ljava/lang/ClassLoader;Lorg/gradle/workers/internal/ActionExecutionSpec;)Lorg/gradle/workers/internal/DefaultWorkResult;+77
j  org.gradle.workers.internal.NoIsolationWorkerFactory$1$$Lambda$1221.execute(Lorg/gradle/workers/internal/ActionExecutionSpec;)Lorg/gradle/workers/internal/DefaultWorkResult;+13
j  org.gradle.workers.internal.AbstractWorker$1.call(Lorg/gradle/internal/operations/BuildOperationContext;)Lorg/gradle/workers/internal/DefaultWorkResult;+8
j  org.gradle.workers.internal.AbstractWorker$1.call(Lorg/gradle/internal/operations/BuildOperationContext;)Ljava/lang/Object;+2
J 18066 C1 org.gradle.internal.operations.DefaultBuildOperationExecutor$CallableBuildOperationWorker.execute(Lorg/gradle/internal/operations/BuildOperation;Lorg/gradle/internal/operations/BuildOperationContext;)V (10 bytes) @ 0x000000010b2de904 [0x000000010b2de6a0+0x264]
J 30032 C1 org.gradle.internal.operations.DefaultBuildOperationExecutor$1.execute(Lorg/gradle/internal/operations/BuildOperationDescriptor;Lorg/gradle/internal/operations/DefaultBuildOperationExecutor$DefaultBuildOperationContext;Lorg/gradle/internal/operations/DefaultBuildOperationExecutor$BuildOperationExecutionListener;)Lorg/gradle/internal/operations/BuildOperation; (82 bytes) @ 0x000000010bdae9bc [0x000000010bdae840+0x17c]
J 29068 C1 org.gradle.internal.operations.DefaultBuildOperationExecutor.execute(Lorg/gradle/internal/operations/BuildOperationDescriptor$Builder;Lorg/gradle/internal/operations/DefaultBuildOperationExecutor$BuildOperationState;Lorg/gradle/internal/operations/DefaultBuildOperationExecutor$BuildOperationExecution;)Lorg/gradle/internal/operations/BuildOperation; (111 bytes) @ 0x000000010cbc1a8c [0x000000010cbc0b00+0xf8c]
J 18077 C1 org.gradle.internal.operations.DefaultBuildOperationExecutor.call(Lorg/gradle/internal/operations/CallableBuildOperation;)Ljava/lang/Object; (38 bytes) @ 0x000000010b4a6e3c [0x000000010b4a6720+0x71c]
J 18076 C1 org.gradle.internal.operations.DelegatingBuildOperationExecutor.call(Lorg/gradle/internal/operations/CallableBuildOperation;)Ljava/lang/Object; (11 bytes) @ 0x000000010b4ccd0c [0x000000010b4ccc00+0x10c]
j  org.gradle.workers.internal.AbstractWorker.executeWrappedInBuildOperation(Lorg/gradle/workers/internal/ActionExecutionSpec;Lorg/gradle/internal/operations/BuildOperationRef;Lorg/gradle/workers/internal/AbstractWorker$Work;)Lorg/gradle/workers/internal/DefaultWorkResult;+15
j  org.gradle.workers.internal.NoIsolationWorkerFactory$1.execute(Lorg/gradle/workers/internal/ActionExecutionSpec;Lorg/gradle/internal/operations/BuildOperationRef;)Lorg/gradle/workers/internal/DefaultWorkResult;+17
j  org.gradle.workers.internal.DefaultWorkerExecutor.lambda$submitWork$2(Lorg/gradle/workers/internal/WorkerFactory;Lorg/gradle/workers/internal/WorkerRequirement;Lorg/gradle/workers/internal/ActionExecutionSpec;Lorg/gradle/internal/operations/BuildOperationRef;)Lorg/gradle/workers/internal/DefaultWorkResult;+13
j  org.gradle.workers.internal.DefaultWorkerExecutor$$Lambda$1220.call()Ljava/lang/Object;+16
J 18504 C1 java.util.concurrent.FutureTask.run()V (126 bytes) @ 0x000000010b8d7554 [0x000000010b8d7300+0x254]
j  org.gradle.internal.work.DefaultConditionalExecutionQueue$ExecutionRunner.runExecution(Lorg/gradle/internal/work/ConditionalExecution;)V+6
j  org.gradle.internal.work.DefaultConditionalExecutionQueue$ExecutionRunner.runBatch(Lorg/gradle/internal/work/ConditionalExecution;)V+8
j  org.gradle.internal.work.DefaultConditionalExecutionQueue$ExecutionRunner.run()V+11
J 19987 C1 java.util.concurrent.Executors$RunnableAdapter.call()Ljava/lang/Object; (14 bytes) @ 0x000000010be16dd4 [0x000000010be16cc0+0x114]
J 18504 C1 java.util.concurrent.FutureTask.run()V (126 bytes) @ 0x000000010b8d7554 [0x000000010b8d7300+0x254]
J 36324 C1 org.gradle.internal.concurrent.ManagedExecutorImpl$1.run()V (59 bytes) @ 0x000000010ec8eca4 [0x000000010ec8eb20+0x184]
j  java.util.concurrent.ThreadPoolExecutor.runWorker(Ljava/util/concurrent/ThreadPoolExecutor$Worker;)V+95
j  java.util.concurrent.ThreadPoolExecutor$Worker.run()V+5
j  org.gradle.internal.concurrent.ThreadFactoryImpl$ManagedThreadRunnable.run()V+7
j  java.lang.Thread.run()V+11
v  ~StubRoutines::call_stub
V  [libjvm.dylib+0x2ca3be]  JavaCalls::call_helper(JavaValue*, methodHandle*, JavaCallArguments*, Thread*)+0x69e
V  [libjvm.dylib+0x2c9212]  JavaCalls::call_virtual(JavaValue*, KlassHandle, Symbol*, Symbol*, JavaCallArguments*, Thread*)+0x14a
V  [libjvm.dylib+0x2c93f2]  JavaCalls::call_virtual(JavaValue*, Handle, KlassHandle, Symbol*, Symbol*, Thread*)+0x56
V  [libjvm.dylib+0x3189d9]  thread_entry(JavaThread*, Thread*)+0x78
V  [libjvm.dylib+0x52321e]  JavaThread::thread_main_inner()+0x82
V  [libjvm.dylib+0x5230e3]  JavaThread::run()+0x199
V  [libjvm.dylib+0x4562e3]  java_start(Thread*)+0xfa
C  [libsystem_pthread.dylib+0x5d36]  _pthread_start+0x7d
C  [libsystem_pthread.dylib+0x258f]  thread_start+0xf
C  0x0000000000000000


---------------  P R O C E S S  ---------------

Java Threads: ( => current thread )
  0x00007f8b6e078000 JavaThread "ForkJoinPool-3-worker-0" daemon [_thread_blocked, id=57095, stack(0x000070000daaf000,0x000070000dbaf000)]
  0x00007f8bbbf5b000 JavaThread "ForkJoinPool-3-worker-7" daemon [_thread_blocked, id=74759, stack(0x000070000d9ac000,0x000070000daac000)]
  0x00007f8b6a3bf000 JavaThread "ForkJoinPool-3-worker-6" daemon [_thread_blocked, id=56839, stack(0x000070000d8a9000,0x000070000d9a9000)]
  0x00007f8b5e87f800 JavaThread "ForkJoinPool-3-worker-5" daemon [_thread_blocked, id=56327, stack(0x000070000d7a6000,0x000070000d8a6000)]
  0x00007f8b8bdea800 JavaThread "ForkJoinPool-3-worker-4" daemon [_thread_blocked, id=57607, stack(0x000070000d6a3000,0x000070000d7a3000)]
  0x00007f8b7f87c000 JavaThread "ForkJoinPool-3-worker-3" daemon [_thread_blocked, id=57351, stack(0x000070000d5a0000,0x000070000d6a0000)]
  0x00007f8b5bc17000 JavaThread "ForkJoinPool-3-worker-2" daemon [_thread_blocked, id=55303, stack(0x000070000d49d000,0x000070000d59d000)]
  0x00007f8b6d06d800 JavaThread "ForkJoinPool-3-worker-1" daemon [_thread_blocked, id=75271, stack(0x000070000d39a000,0x000070000d49a000)]
  0x00007f8b6a1c3800 JavaThread "WorkerExecutor Queue Thread 16" [_thread_blocked, id=54787, stack(0x000070000d297000,0x000070000d397000)]
  0x00007f8b5cf27000 JavaThread "WorkerExecutor Queue Thread 15" [_thread_blocked, id=75779, stack(0x000070000d194000,0x000070000d294000)]
  0x00007f8b7ca95000 JavaThread "WorkerExecutor Queue Thread 14" [_thread_blocked, id=54531, stack(0x000070000d091000,0x000070000d191000)]
  0x00007f8b7bcc3800 JavaThread "WorkerExecutor Queue Thread 13" [_thread_blocked, id=76547, stack(0x000070000cf8e000,0x000070000d08e000)]
  0x00007f8b6dd3f000 JavaThread "WorkerExecutor Queue Thread 12" [_thread_blocked, id=54275, stack(0x000070000ce8b000,0x000070000cf8b000)]
  0x00007f8b8dff7000 JavaThread "WorkerExecutor Queue Thread 11" [_thread_blocked, id=53763, stack(0x000070000cd88000,0x000070000ce88000)]
  0x00007f8b691ae000 JavaThread "ForkJoinPool.commonPool-worker-7" daemon [_thread_blocked, id=77059, stack(0x000070000cc85000,0x000070000cd85000)]
  0x00007f8b6d049000 JavaThread "ForkJoinPool.commonPool-worker-6" daemon [_thread_blocked, id=77571, stack(0x000070000cb82000,0x000070000cc82000)]
  0x00007f8b6f7f7000 JavaThread "ForkJoinPool.commonPool-worker-5" daemon [_thread_blocked, id=52995, stack(0x000070000ca7f000,0x000070000cb7f000)]
  0x00007f8b6a470800 JavaThread "ForkJoinPool.commonPool-worker-4" daemon [_thread_blocked, id=52739, stack(0x000070000c97c000,0x000070000ca7c000)]
  0x00007f8b6a4de800 JavaThread "ForkJoinPool.commonPool-worker-3" daemon [_thread_blocked, id=78083, stack(0x000070000c879000,0x000070000c979000)]
  0x00007f8b8bab2800 JavaThread "ForkJoinPool.commonPool-worker-2" daemon [_thread_blocked, id=49927, stack(0x000070000c570000,0x000070000c670000)]
  0x00007f8b8bb6c000 JavaThread "ForkJoinPool.commonPool-worker-1" daemon [_thread_blocked, id=48647, stack(0x000070000b746000,0x000070000b846000)]
=>0x00007f8bbde58800 JavaThread "WorkerExecutor Queue Thread 10" [_thread_in_Java, id=79115, stack(0x000070000b643000,0x000070000b743000)]
  0x00007f8bbcfdd800 JavaThread "RMI TCP Connection(10)-127.0.0.1" daemon [_thread_in_native, id=48903, stack(0x000070000bc55000,0x000070000bd55000)]
  0x00007f8b5cec2800 JavaThread "RMI RenewClean-[127.0.0.1:17169,org.jetbrains.kotlin.daemon.common.LoopbackNetworkInterface$ClientLoopbackSocketFactory@3c1106ce]" daemon [_thread_blocked, id=81671, stack(0x000070000b94c000,0x000070000ba4c000)]
  0x00007f8b6a347000 JavaThread "RMI TCP Connection(11)-127.0.0.1" daemon [_thread_in_native, id=78855, stack(0x000070000b849000,0x000070000b949000)]
  0x00007f8b5f3ee000 JavaThread "RMI TCP Connection(8)-127.0.0.1" daemon [_thread_in_native, id=52227, stack(0x000070000c776000,0x000070000c876000)]
  0x00007f8bbc905800 JavaThread "RMI RenewClean-[127.0.0.1:17169,org.jetbrains.kotlin.daemon.common.LoopbackNetworkInterface$ClientLoopbackSocketFactory@4b15911c]" daemon [_thread_blocked, id=51971, stack(0x000070000c673000,0x000070000c773000)]
  0x00007f8b6d072800 JavaThread "Cache worker for Java compile cache (/Users/dmitriyboichuk/StudioProjects/App/.gradle/6.1-milestone-1/javaCompile)" [_thread_blocked, id=81167, stack(0x000070000c36a000,0x000070000c46a000)]
  0x00007f8b5f7f6800 JavaThread "Cache worker for Java compile cache (/Users/dmitriyboichuk/.gradle/caches/6.1-milestone-1/javaCompile)" [_thread_blocked, id=49679, stack(0x000070000bd58000,0x000070000be58000)]
  0x00007f8b5c937800 JavaThread "RMI TCP Connection(9)-127.0.0.1" daemon [_thread_in_native, id=79363, stack(0x000070000c46d000,0x000070000c56d000)]
  0x00007f8b5b9e4800 JavaThread "RMI TCP Connection(5)-127.0.0.1" daemon [_thread_in_native, id=79619, stack(0x000070000c267000,0x000070000c367000)]
  0x00007f8b5c934000 JavaThread "RMI TCP Connection(4)-127.0.0.1" daemon [_thread_in_native, id=79875, stack(0x000070000c164000,0x000070000c264000)]
  0x00007f8bbc05e000 JavaThread "RMI Reaper" [_thread_blocked, id=80387, stack(0x000070000c061000,0x000070000c161000)]
  0x00007f8b691bb800 JavaThread "RMI TCP Accept-0" daemon [_thread_in_native, id=50435, stack(0x000070000bf5e000,0x000070000c05e000)]
  0x00007f8b6a4da800 JavaThread "GC Daemon" daemon [_thread_blocked, id=80899, stack(0x000070000be5b000,0x000070000bf5b000)]
  0x00007f8b8bb6a800 JavaThread "RMI Scheduler(0)" daemon [_thread_blocked, id=49415, stack(0x000070000ba4f000,0x000070000bb4f000)]
  0x00007f8b5b902800 JavaThread "WorkerExecutor Queue Thread 6" [_thread_blocked, id=82179, stack(0x000070000bb52000,0x000070000bc52000)]
  0x00007f8b6a380800 JavaThread "stdout" [_thread_in_native, id=83459, stack(0x000070000b540000,0x000070000b640000)]
  0x00007f8b6a380000 JavaThread "stderr" [_thread_in_native, id=47619, stack(0x000070000b43d000,0x000070000b53d000)]
  0x00007f8b695e9000 JavaThread "process reaper" daemon [_thread_in_native, id=83715, stack(0x000070000b412000,0x000070000b43a000)]
  0x00007f8b5b8e8000 JavaThread "stdout" [_thread_in_native, id=84227, stack(0x000070000b30f000,0x000070000b40f000)]
  0x00007f8b690b7000 JavaThread "stderr" [_thread_in_native, id=84483, stack(0x000070000b20c000,0x000070000b30c000)]
  0x00007f8b694ab000 JavaThread "process reaper" daemon [_thread_in_native, id=46595, stack(0x000070000b1e1000,0x000070000b209000)]
  0x00007f8b5c816000 JavaThread "stdout" [_thread_in_native, id=46083, stack(0x000070000b0de000,0x000070000b1de000)]
  0x00007f8b5c9ce800 JavaThread "stderr" [_thread_in_native, id=84995, stack(0x000070000afdb000,0x000070000b0db000)]
  0x00007f8bbc01a800 JavaThread "process reaper" daemon [_thread_in_native, id=45571, stack(0x000070000afb0000,0x000070000afd8000)]
  0x00007f8b5dd28000 JavaThread "stdout" [_thread_in_native, id=85251, stack(0x000070000aead000,0x000070000afad000)]
  0x00007f8b5b8e7800 JavaThread "stderr" [_thread_in_native, id=85763, stack(0x000070000adaa000,0x000070000aeaa000)]
  0x00007f8b5b8e6800 JavaThread "process reaper" daemon [_thread_in_native, id=44803, stack(0x000070000ad7f000,0x000070000ada7000)]
  0x00007f8b8bb68800 JavaThread "stdout" [_thread_in_native, id=44291, stack(0x000070000ac7c000,0x000070000ad7c000)]
  0x00007f8b693f7800 JavaThread "stderr" [_thread_in_native, id=86275, stack(0x000070000ab79000,0x000070000ac79000)]
  0x00007f8b6a37b000 JavaThread "stdout" [_thread_in_native, id=44035, stack(0x000070000aa76000,0x000070000ab76000)]
  0x00007f8b5bd45800 JavaThread "stderr" [_thread_in_native, id=87043, stack(0x000070000a973000,0x000070000aa73000)]
  0x00007f8b6a37a800 JavaThread "stdout" [_thread_in_native, id=43523, stack(0x000070000a870000,0x000070000a970000)]
  0x00007f8b6a379800 JavaThread "stderr" [_thread_in_native, id=31747, stack(0x000070000a76d000,0x000070000a86d000)]
  0x00007f8b5dd06000 JavaThread "process reaper" daemon [_thread_in_native, id=31491, stack(0x00007000078b6000,0x00007000078de000)]
  0x00007f8b5dd91000 JavaThread "process reaper" daemon [_thread_in_native, id=32515, stack(0x000070000788b000,0x00007000078b3000)]
  0x00007f8bbc019800 JavaThread "process reaper" daemon [_thread_in_native, id=30723, stack(0x0000700007860000,0x0000700007888000)]
  0x00007f8b6a1cf000 JavaThread "pool-5-thread-1" [_thread_blocked, id=33027, stack(0x000070000a66a000,0x000070000a76a000)]
  0x00007f8b6a14e000 JavaThread "Cache worker for execution history cache (/Users/dmitriyboichuk/StudioProjects/App/.gradle/6.1-milestone-1/executionHistory)" [_thread_blocked, id=33283, stack(0x000070000a567000,0x000070000a667000)]
  0x00007f8b693f6000 JavaThread "Execution worker for ':' Thread 7" [_thread_blocked, id=33795, stack(0x000070000a464000,0x000070000a564000)]
  0x00007f8b6a866000 JavaThread "Execution worker for ':' Thread 6" [_thread_blocked, id=34051, stack(0x000070000a361000,0x000070000a461000)]
  0x00007f8b5be29000 JavaThread "Execution worker for ':' Thread 5" [_thread_blocked, id=34307, stack(0x000070000a25e000,0x000070000a35e000)]
  0x00007f8b5be28800 JavaThread "Execution worker for ':' Thread 4" [_thread_blocked, id=34563, stack(0x000070000a15b000,0x000070000a25b000)]
  0x00007f8b5bff7000 JavaThread "Execution worker for ':' Thread 3" [_thread_blocked, id=29187, stack(0x000070000a058000,0x000070000a158000)]
  0x00007f8b6ae08800 JavaThread "Execution worker for ':' Thread 2" [_thread_blocked, id=28931, stack(0x0000700009f55000,0x000070000a055000)]
  0x00007f8b5f478000 JavaThread "Execution worker for ':'" [_thread_blocked, id=35075, stack(0x0000700009e52000,0x0000700009f52000)]
  0x00007f8bbbd09000 JavaThread "Cache worker for file content cache (/Users/dmitriyboichuk/StudioProjects/App/.gradle/6.1-milestone-1/fileContent)" [_thread_blocked, id=24839, stack(0x0000700009d4f000,0x0000700009e4f000)]
  0x00007f8bbbf69000 JavaThread "Cache worker for file content cache (/Users/dmitriyboichuk/.gradle/caches/6.1-milestone-1/fileContent)" [_thread_blocked, id=36359, stack(0x0000700009c4c000,0x0000700009d4c000)]
  0x00007f8bbd978800 JavaThread "Memory manager" [_thread_blocked, id=35847, stack(0x0000700009b49000,0x0000700009c49000)]
  0x00007f8bbc6c3000 JavaThread "pool-4-thread-1" [_thread_blocked, id=39943, stack(0x0000700009a46000,0x0000700009b46000)]
  0x00007f8b8c939800 JavaThread "Cache worker for Build Output Cleanup Cache (/Users/dmitriyboichuk/StudioProjects/App/.gradle/buildOutputCleanup)" [_thread_blocked, id=26119, stack(0x0000700009943000,0x0000700009a43000)]
  0x00007f8bbdde1800 JavaThread "Build operations Thread 8" [_thread_blocked, id=26375, stack(0x0000700009840000,0x0000700009940000)]
  0x00007f8bbdde1000 JavaThread "Build operations Thread 7" [_thread_blocked, id=40455, stack(0x000070000973d000,0x000070000983d000)]
  0x00007f8bbd980800 JavaThread "Build operations Thread 6" [_thread_blocked, id=27655, stack(0x000070000963a000,0x000070000973a000)]
  0x00007f8bbd980000 JavaThread "Build operations Thread 5" [_thread_blocked, id=37895, stack(0x0000700009537000,0x0000700009637000)]
  0x00007f8b6a01c800 JavaThread "Build operations Thread 4" [_thread_blocked, id=38663, stack(0x0000700009434000,0x0000700009534000)]
  0x00007f8b6a01c000 JavaThread "Build operations Thread 3" [_thread_blocked, id=39687, stack(0x0000700009331000,0x0000700009431000)]
  0x00007f8b6a012800 JavaThread "Build operations Thread 2" [_thread_blocked, id=39175, stack(0x000070000922e000,0x000070000932e000)]
  0x00007f8b5f46d800 JavaThread "Build operations" [_thread_blocked, id=37639, stack(0x000070000912b000,0x000070000922b000)]
  0x00007f8bbde01000 JavaThread "Cache worker for cache directory md-rule (/Users/dmitriyboichuk/.gradle/caches/6.1-milestone-1/md-rule)" [_thread_blocked, id=37383, stack(0x0000700008f25000,0x0000700009025000)]
  0x00007f8bbc73d800 JavaThread "Cache worker for cache directory md-supplier (/Users/dmitriyboichuk/.gradle/caches/6.1-milestone-1/md-supplier)" [_thread_blocked, id=36871, stack(0x0000700008e22000,0x0000700008f22000)]
  0x00007f8b6a011800 JavaThread "Cache worker for file hash cache (/Users/dmitriyboichuk/StudioProjects/App/.gradle/6.1-milestone-1/fileHashes)" [_thread_blocked, id=27143, stack(0x0000700008d1f000,0x0000700008e1f000)]
  0x00007f8b5f8df800 JavaThread "Thread-31" [_thread_blocked, id=41991, stack(0x0000700008913000,0x0000700008a13000)]
  0x00007f8b5fff1000 JavaThread "Stdin handler" [_thread_blocked, id=42247, stack(0x0000700008810000,0x0000700008910000)]
  0x00007f8b7b9a1000 JavaThread "Asynchronous log dispatcher for DefaultDaemonConnection: socket connection from /127.0.0.1:56978 to /127.0.0.1:57135" [_thread_blocked, id=42759, stack(0x000070000870d000,0x000070000880d000)]
  0x00007f8b5f6a6000 JavaThread "Cancel handler" [_thread_blocked, id=28423, stack(0x0000700008507000,0x0000700008607000)]
  0x00007f8b5bb8d800 JavaThread "Handler for socket connection from /127.0.0.1:56978 to /127.0.0.1:57135" [_thread_in_native, id=43015, stack(0x0000700008404000,0x0000700008504000)]
  0x00007f8b8c04f000 JavaThread "Cache worker for execution history cache (/Users/dmitriyboichuk/.gradle/caches/6.1-milestone-1/executionHistory)" [_thread_blocked, id=26627, stack(0x0000700009028000,0x0000700009128000)]
  0x00007f8bbc762800 JavaThread "Cache worker for journal cache (/Users/dmitriyboichuk/.gradle/caches/journal-1)" [_thread_blocked, id=41219, stack(0x0000700008c1c000,0x0000700008d1c000)]
  0x00007f8bbc76e800 JavaThread "File lock request listener" [_thread_in_native, id=41475, stack(0x0000700008b19000,0x0000700008c19000)]
  0x00007f8bbcec6000 JavaThread "Cache worker for file hash cache (/Users/dmitriyboichuk/.gradle/caches/6.1-milestone-1/fileHashes)" [_thread_blocked, id=41731, stack(0x0000700008a16000,0x0000700008b16000)]
  0x00007f8bbbbce000 JavaThread "Daemon worker" [_thread_blocked, id=42499, stack(0x000070000860a000,0x000070000870a000)]
  0x00007f8bbbbb5000 JavaThread "Daemon" [_thread_blocked, id=23043, stack(0x0000700008301000,0x0000700008401000)]
  0x00007f8bbbb96000 JavaThread "Daemon periodic checks" [_thread_blocked, id=22787, stack(0x00007000081fe000,0x00007000082fe000)]
  0x00007f8bbce96800 JavaThread "Incoming local TCP Connector on port 56978" [_thread_in_native, id=22275, stack(0x00007000080fb000,0x00007000081fb000)]
  0x00007f8bbc72a000 JavaThread "Daemon health stats" [_thread_blocked, id=21763, stack(0x0000700007ff8000,0x00007000080f8000)]
  0x00007f8bbc863000 JavaThread "Service Thread" daemon [_thread_blocked, id=14851, stack(0x0000700007df2000,0x0000700007ef2000)]
  0x00007f8bbc00e800 JavaThread "C1 CompilerThread3" daemon [_thread_blocked, id=16131, stack(0x0000700007cef000,0x0000700007def000)]
  0x00007f8bbc860000 JavaThread "C2 CompilerThread2" daemon [_thread_in_native, id=16643, stack(0x0000700007bec000,0x0000700007cec000)]
  0x00007f8bbb815800 JavaThread "C2 CompilerThread1" daemon [_thread_in_native, id=14595, stack(0x0000700007ae9000,0x0000700007be9000)]
  0x00007f8bbd810000 JavaThread "C2 CompilerThread0" daemon [_thread_in_native, id=17155, stack(0x00007000079e6000,0x0000700007ae6000)]
  0x00007f8bbd80f800 JavaThread "Signal Dispatcher" daemon [_thread_blocked, id=17411, stack(0x00007000078e3000,0x00007000079e3000)]
  0x00007f8bbc00d800 JavaThread "Finalizer" daemon [_thread_blocked, id=12803, stack(0x00007000076da000,0x00007000077da000)]
  0x00007f8bbc00c800 JavaThread "Reference Handler" daemon [_thread_blocked, id=20483, stack(0x00007000075d7000,0x00007000076d7000)]
  0x00007f8bbc806000 JavaThread "main" [_thread_blocked, id=4355, stack(0x0000700006bb9000,0x0000700006cb9000)]

Other Threads:
  0x00007f8bbc006000 VMThread [stack: 0x00007000074d4000,0x00007000075d4000] [id=12547]
  0x00007f8bbc85a800 WatcherThread [stack: 0x0000700007ef5000,0x0000700007ff5000] [id=15363]

VM state:not at safepoint (normal execution)

VM Mutex/Monitor currently owned by a thread: None

heap address: 0x0000000760000000, size: 1536 MB, Compressed Oops mode: Zero based, Oop shift amount: 3
Narrow klass base: 0x0000000000000000, Narrow klass shift: 3
Compressed class space size: 1073741824 Address: 0x00000007c0000000

Heap:
 PSYoungGen      total 417792K, used 138155K [0x00000007a0000000, 0x00000007c0000000, 0x00000007c0000000)
  eden space 389120K, 28% used [0x00000007a0000000,0x00000007a6aed418,0x00000007b7c00000)
  from space 28672K, 99% used [0x00000007be200000,0x00000007bfdfd9b0,0x00000007bfe00000)
  to   space 67584K, 0% used [0x00000007b7c00000,0x00000007b7c00000,0x00000007bbe00000)
 ParOldGen       total 824832K, used 740884K [0x0000000760000000, 0x0000000792580000, 0x00000007a0000000)
  object space 824832K, 89% used [0x0000000760000000,0x000000078d385080,0x0000000792580000)
 Metaspace       used 165856K, capacity 173244K, committed 174080K, reserved 1202176K
  class space    used 20359K, capacity 21774K, committed 22016K, reserved 1048576K

Card table byte_map: [0x000000010623c000,0x000000010653d000] byte_map_base: 0x000000010273c000

Marking Bits: (ParMarkBitMap*) 0x0000000105820ec8
 Begin Bits: [0x00000001174d6000, 0x0000000118cd6000)
 End Bits:   [0x0000000118cd6000, 0x000000011a4d6000)

Polling page: 0x0000000103f9d000

CodeCache: size=245760Kb used=115267Kb max_used=115278Kb free=130492Kb
 bounds [0x00000001084d6000, 0x000000010f616000, 0x00000001174d6000]
 total_blobs=33045 nmethods=32009 adapters=945
 compilation: enabled

Compilation events (10 events):
Event: 189.421 Thread 0x00007f8bbc00e800 40828       2       com.android.tools.r8.code.r1::a (1 bytes)
Event: 189.421 Thread 0x00007f8bbc00e800 nmethod 40828 0x000000010f5da050 code [0x000000010f5da1a0, 0x000000010f5da2f0]
Event: 189.430 Thread 0x00007f8bbc860000 nmethod 40269 0x000000010f608d10 code [0x000000010f608fe0, 0x000000010f609e00]
Event: 189.430 Thread 0x00007f8bbc860000 38355       4       com.android.tools.r8.ir.optimize.U::b (114 bytes)
Event: 189.436 Thread 0x00007f8bbc860000 nmethod 38355 0x000000010f5ef290 code [0x000000010f5ef460, 0x000000010f5efa08]
Event: 189.436 Thread 0x00007f8bbc860000 40278       4       com.android.tools.r8.ir.conversion.K::j (399 bytes)
Event: 189.468 Thread 0x00007f8bbc00e800 40830       1       com.android.tools.r8.code.M0::a (1 bytes)
Event: 189.469 Thread 0x00007f8bbc00e800 nmethod 40830 0x000000010f5d9d90 code [0x000000010f5d9ee0, 0x000000010f5d9ff0]
Event: 189.504 Thread 0x00007f8bbc00e800 40831       2       com.android.tools.r8.graph.DexValue$c::collectIndexedItems (22 bytes)
Event: 189.505 Thread 0x00007f8bbc00e800 nmethod 40831 0x000000010f5eed10 code [0x000000010f5eee80, 0x000000010f5ef0b8]

GC Heap History (10 events):
Event: 186.476 GC heap before
{Heap before GC invocations=99 (full 5):
 PSYoungGen      total 487936K, used 467197K [0x00000007a0000000, 0x00000007bfe80000, 0x00000007c0000000)
  eden space 456704K, 100% used [0x00000007a0000000,0x00000007bbe00000,0x00000007bbe00000)
  from space 31232K, 33% used [0x00000007bbe00000,0x00000007bc83f490,0x00000007bdc80000)
  to   space 30720K, 0% used [0x00000007be080000,0x00000007be080000,0x00000007bfe80000)
 ParOldGen       total 824832K, used 624569K [0x0000000760000000, 0x0000000792580000, 0x00000007a0000000)
  object space 824832K, 75% used [0x0000000760000000,0x00000007861ee418,0x0000000792580000)
 Metaspace       used 164396K, capacity 171390K, committed 172672K, reserved 1200128K
  class space    used 20179K, capacity 21541K, committed 21888K, reserved 1048576K
Event: 186.493 GC heap after
Heap after GC invocations=99 (full 5):
 PSYoungGen      total 492544K, used 18104K [0x00000007a0000000, 0x00000007bfe80000, 0x00000007c0000000)
  eden space 461824K, 0% used [0x00000007a0000000,0x00000007a0000000,0x00000007bc300000)
  from space 30720K, 58% used [0x00000007be080000,0x00000007bf22e3e0,0x00000007bfe80000)
  to   space 30208K, 0% used [0x00000007bc300000,0x00000007bc300000,0x00000007be080000)
 ParOldGen       total 824832K, used 631675K [0x0000000760000000, 0x0000000792580000, 0x00000007a0000000)
  object space 824832K, 76% used [0x0000000760000000,0x00000007868defd8,0x0000000792580000)
 Metaspace       used 164396K, capacity 171390K, committed 172672K, reserved 1200128K
  class space    used 20179K, capacity 21541K, committed 21888K, reserved 1048576K
}
Event: 186.802 GC heap before
{Heap before GC invocations=100 (full 5):
 PSYoungGen      total 492544K, used 479928K [0x00000007a0000000, 0x00000007bfe80000, 0x00000007c0000000)
  eden space 461824K, 100% used [0x00000007a0000000,0x00000007bc300000,0x00000007bc300000)
  from space 30720K, 58% used [0x00000007be080000,0x00000007bf22e3e0,0x00000007bfe80000)
  to   space 30208K, 0% used [0x00000007bc300000,0x00000007bc300000,0x00000007be080000)
 ParOldGen       total 824832K, used 631675K [0x0000000760000000, 0x0000000792580000, 0x00000007a0000000)
  object space 824832K, 76% used [0x0000000760000000,0x00000007868defd8,0x0000000792580000)
 Metaspace       used 164573K, capacity 171586K, committed 172928K, reserved 1200128K
  class space    used 20194K, capacity 21579K, committed 21888K, reserved 1048576K
Event: 186.821 GC heap after
Heap after GC invocations=100 (full 5):
 PSYoungGen      total 492032K, used 11251K [0x00000007a0000000, 0x00000007bfe80000, 0x00000007c0000000)
  eden space 461824K, 0% used [0x00000007a0000000,0x00000007a0000000,0x00000007bc300000)
  from space 30208K, 37% used [0x00000007bc300000,0x00000007bcdfcc20,0x00000007be080000)
  to   space 29696K, 0% used [0x00000007be180000,0x00000007be180000,0x00000007bfe80000)
 ParOldGen       total 824832K, used 639731K [0x0000000760000000, 0x0000000792580000, 0x00000007a0000000)
  object space 824832K, 77% used [0x0000000760000000,0x00000007870bcce8,0x0000000792580000)
 Metaspace       used 164573K, capacity 171586K, committed 172928K, reserved 1200128K
  class space    used 20194K, capacity 21579K, committed 21888K, reserved 1048576K
}
Event: 187.157 GC heap before
{Heap before GC invocations=101 (full 5):
 PSYoungGen      total 492032K, used 473075K [0x00000007a0000000, 0x00000007bfe80000, 0x00000007c0000000)
  eden space 461824K, 100% used [0x00000007a0000000,0x00000007bc300000,0x00000007bc300000)
  from space 30208K, 37% used [0x00000007bc300000,0x00000007bcdfcc20,0x00000007be080000)
  to   space 29696K, 0% used [0x00000007be180000,0x00000007be180000,0x00000007bfe80000)
 ParOldGen       total 824832K, used 639731K [0x0000000760000000, 0x0000000792580000, 0x00000007a0000000)
  object space 824832K, 77% used [0x0000000760000000,0x00000007870bcce8,0x0000000792580000)
 Metaspace       used 164606K, capacity 171650K, committed 172928K, reserved 1200128K
  class space    used 20194K, capacity 21579K, committed 21888K, reserved 1048576K
Event: 187.177 GC heap after
Heap after GC invocations=101 (full 5):
 PSYoungGen      total 493056K, used 4579K [0x00000007a0000000, 0x00000007bff80000, 0x00000007c0000000)
  eden space 463360K, 0% used [0x00000007a0000000,0x00000007a0000000,0x00000007bc480000)
  from space 29696K, 15% used [0x00000007be180000,0x00000007be5f8d00,0x00000007bfe80000)
  to   space 29696K, 0% used [0x00000007bc480000,0x00000007bc480000,0x00000007be180000)
 ParOldGen       total 824832K, used 645711K [0x0000000760000000, 0x0000000792580000, 0x00000007a0000000)
  object space 824832K, 78% used [0x0000000760000000,0x0000000787693ef0,0x0000000792580000)
 Metaspace       used 164606K, capacity 171650K, committed 172928K, reserved 1200128K
  class space    used 20194K, capacity 21579K, committed 21888K, reserved 1048576K
}
Event: 187.877 GC heap before
{Heap before GC invocations=102 (full 5):
 PSYoungGen      total 493056K, used 467939K [0x00000007a0000000, 0x00000007bff80000, 0x00000007c0000000)
  eden space 463360K, 100% used [0x00000007a0000000,0x00000007bc480000,0x00000007bc480000)
  from space 29696K, 15% used [0x00000007be180000,0x00000007be5f8d00,0x00000007bfe80000)
  to   space 29696K, 0% used [0x00000007bc480000,0x00000007bc480000,0x00000007be180000)
 ParOldGen       total 824832K, used 645711K [0x0000000760000000, 0x0000000792580000, 0x00000007a0000000)
  object space 824832K, 78% used [0x0000000760000000,0x0000000787693ef0,0x0000000792580000)
 Metaspace       used 165096K, capacity 172246K, committed 173568K, reserved 1200128K
  class space    used 20259K, capacity 21645K, committed 22016K, reserved 1048576K
Event: 187.897 GC heap after
Heap after GC invocations=102 (full 5):
 PSYoungGen      total 493056K, used 10289K [0x00000007a0000000, 0x00000007bfe00000, 0x00000007c0000000)
  eden space 463360K, 0% used [0x00000007a0000000,0x00000007a0000000,0x00000007bc480000)
  from space 29696K, 34% used [0x00000007bc480000,0x00000007bce8c610,0x00000007be180000)
  to   space 28672K, 0% used [0x00000007be200000,0x00000007be200000,0x00000007bfe00000)
 ParOldGen       total 824832K, used 647937K [0x0000000760000000, 0x0000000792580000, 0x00000007a0000000)
  object space 824832K, 78% used [0x0000000760000000,0x00000007878c0698,0x0000000792580000)
 Metaspace       used 165096K, capacity 172246K, committed 173568K, reserved 1200128K
  class space    used 20259K, capacity 21645K, committed 22016K, reserved 1048576K
}
Event: 188.906 GC heap before
{Heap before GC invocations=103 (full 5):
 PSYoungGen      total 493056K, used 473649K [0x00000007a0000000, 0x00000007bfe00000, 0x00000007c0000000)
  eden space 463360K, 100% used [0x00000007a0000000,0x00000007bc480000,0x00000007bc480000)
  from space 29696K, 34% used [0x00000007bc480000,0x00000007bce8c610,0x00000007be180000)
  to   space 28672K, 0% used [0x00000007be200000,0x00000007be200000,0x00000007bfe00000)
 ParOldGen       total 824832K, used 647937K [0x0000000760000000, 0x0000000792580000, 0x00000007a0000000)
  object space 824832K, 78% used [0x0000000760000000,0x00000007878c0698,0x0000000792580000)
 Metaspace       used 165844K, capacity 173244K, committed 174080K, reserved 1202176K
  class space    used 20359K, capacity 21774K, committed 22016K, reserved 1048576K
Event: 189.009 GC heap after
Heap after GC invocations=103 (full 5):
 PSYoungGen      total 417792K, used 28662K [0x00000007a0000000, 0x00000007c0000000, 0x00000007c0000000)
  eden space 389120K, 0% used [0x00000007a0000000,0x00000007a0000000,0x00000007b7c00000)
  from space 28672K, 99% used [0x00000007be200000,0x00000007bfdfd9b0,0x00000007bfe00000)
  to   space 67584K, 0% used [0x00000007b7c00000,0x00000007b7c00000,0x00000007bbe00000)
 ParOldGen       total 824832K, used 740884K [0x0000000760000000, 0x0000000792580000, 0x00000007a0000000)
  object space 824832K, 89% used [0x0000000760000000,0x000000078d385080,0x0000000792580000)
 Metaspace       used 165844K, capacity 173244K, committed 174080K, reserved 1202176K
  class space    used 20359K, capacity 21774K, committed 22016K, reserved 1048576K
}

Deoptimization events (10 events):
Event: 187.983 Thread 0x00007f8b5b902800 Uncommon trap: reason=unstable_if action=reinterpret pc=0x000000010b303e90 method=java.lang.Long.parseLong(Ljava/lang/String;I)J @ 124
Event: 188.028 Thread 0x00007f8b7bcc3800 Uncommon trap: reason=class_check action=maybe_recompile pc=0x000000010df6ed68 method=com.google.common.collect.ImmutableMap.copyOf(Ljava/lang/Iterable;)Lcom/google/common/collect/ImmutableMap; @ 53
Event: 188.085 Thread 0x00007f8b6d06d800 Uncommon trap: reason=unstable_if action=reinterpret pc=0x000000010a128e2c method=java.util.Arrays.hashCode([Ljava/lang/Object;)I @ 1
Event: 188.085 Thread 0x00007f8b5e87f800 Uncommon trap: reason=unstable_if action=reinterpret pc=0x000000010a128e2c method=java.util.Arrays.hashCode([Ljava/lang/Object;)I @ 1
Event: 188.085 Thread 0x00007f8b5dfd6800 Uncommon trap: reason=unstable_if action=reinterpret pc=0x000000010a128e2c method=java.util.Arrays.hashCode([Ljava/lang/Object;)I @ 1
Event: 188.085 Thread 0x00007f8b6e078000 Uncommon trap: reason=unstable_if action=reinterpret pc=0x000000010a128e2c method=java.util.Arrays.hashCode([Ljava/lang/Object;)I @ 1
Event: 188.085 Thread 0x00007f8b6a3bf000 Uncommon trap: reason=unstable_if action=reinterpret pc=0x000000010a128e2c method=java.util.Arrays.hashCode([Ljava/lang/Object;)I @ 1
Event: 188.085 Thread 0x00007f8b7f87c000 Uncommon trap: reason=unstable_if action=reinterpret pc=0x000000010a128e2c method=java.util.Arrays.hashCode([Ljava/lang/Object;)I @ 1
Event: 188.328 Thread 0x00007f8b7bcc3800 Uncommon trap: reason=class_check action=maybe_recompile pc=0x000000010df6ed68 method=com.google.common.collect.ImmutableMap.copyOf(Ljava/lang/Iterable;)Lcom/google/common/collect/ImmutableMap; @ 53
Event: 188.578 Thread 0x00007f8b7bcc3800 Uncommon trap: reason=unstable_if action=reinterpret pc=0x000000010d7c484c method=java.io.ObjectOutputStream$BlockDataOutputStream.writeByte(I)V @ 7

Classes redefined (0 events):
No events

Internal exceptions (10 events):
Event: 187.772 Thread 0x00007f8b6dd3f000 Exception <a 'sun/nio/fs/UnixException'> (0x00000007bbaaf990) thrown at [/Volumes/Android/buildbot/src/googleplex-android/openjdk/out/hotspot/src/share/vm/prims/jni.cpp, line 710]
Event: 187.773 Thread 0x00007f8b6dd3f000 Exception <a 'sun/nio/fs/UnixException'> (0x00000007bbafc568) thrown at [/Volumes/Android/buildbot/src/googleplex-android/openjdk/out/hotspot/src/share/vm/prims/jni.cpp, line 710]
Event: 187.858 Thread 0x00007f8b5be28800 Exception <a 'java/lang/NoSuchMethodError': <clinit>> (0x00000007bc10ab10) thrown at [/Volumes/Android/buildbot/src/googleplex-android/openjdk/out/hotspot/src/share/vm/prims/jni.cpp, line 1614]
Event: 188.085 Thread 0x00007f8b7f87c000 Implicit null exception at 0x000000010a128d2f to 0x000000010a128e1d
Event: 188.085 Thread 0x00007f8b6d06d800 Implicit null exception at 0x000000010a128d2f to 0x000000010a128e1d
Event: 188.085 Thread 0x00007f8b5e87f800 Implicit null exception at 0x000000010a128d2f to 0x000000010a128e1d
Event: 188.085 Thread 0x00007f8b6e078000 Implicit null exception at 0x000000010a128d2f to 0x000000010a128e1d
Event: 188.085 Thread 0x00007f8b6a3bf000 Implicit null exception at 0x000000010a128d2f to 0x000000010a128e1d
Event: 188.085 Thread 0x00007f8b5dfd6800 Implicit null exception at 0x000000010a128d2f to 0x000000010a128e1d
Event: 188.292 Thread 0x00007f8b5dfd6800 Exception <a 'sun/nio/fs/UnixException'> (0x00000007ad84e948) thrown at [/Volumes/Android/buildbot/src/googleplex-android/openjdk/out/hotspot/src/share/vm/prims/jni.cpp, line 710]

Events (10 events):
Event: 188.900 Executing VM operation: BulkRevokeBias
Event: 188.901 Executing VM operation: BulkRevokeBias done
Event: 188.906 Executing VM operation: ParallelGCFailedAllocation
Event: 189.009 Executing VM operation: ParallelGCFailedAllocation done
Event: 189.017 Executing VM operation: RevokeBias
Event: 189.018 Executing VM operation: RevokeBias done
Event: 189.028 Thread 0x00007f8bbde58800 DEOPT PACKING pc=0x000000010f4628d9 sp=0x000070000b741230
Event: 189.028 Thread 0x00007f8bbde58800 DEOPT UNPACKING pc=0x000000010851d4c4 sp=0x000070000b740fe8 mode 0
Event: 189.041 Thread 0x00007f8bbde58800 DEOPT PACKING pc=0x000000010e7ea1a4 sp=0x000070000b741120
Event: 189.042 Thread 0x00007f8bbde58800 DEOPT UNPACKING pc=0x000000010851d4c4 sp=0x000070000b740ee0 mode 0


Dynamic libraries:
0x00007fff35eed000 	/System/Library/Frameworks/Cocoa.framework/Versions/A/Cocoa
0x00007fff434a1000 	/System/Library/Frameworks/Security.framework/Versions/A/Security
0x00007fff34e8d000 	/System/Library/Frameworks/ApplicationServices.framework/Versions/A/ApplicationServices
0x00007fff6d534000 	/usr/lib/libz.1.dylib
0x00007fff6b01c000 	/usr/lib/libSystem.B.dylib
0x00007fff36e56000 	/System/Library/Frameworks/CoreFoundation.framework/Versions/A/CoreFoundation
0x00007fff39519000 	/System/Library/Frameworks/Foundation.framework/Versions/C/Foundation
0x00007fff6ce5c000 	/usr/lib/libobjc.A.dylib
0x00007fff34085000 	/System/Library/Frameworks/AppKit.framework/Versions/C/AppKit
0x00007fff3696a000 	/System/Library/Frameworks/CoreData.framework/Versions/A/CoreData
0x00007fff678c7000 	/System/Library/PrivateFrameworks/UIFoundation.framework/Versions/A/UIFoundation
0x00007fff620f8000 	/System/Library/PrivateFrameworks/RemoteViewServices.framework/Versions/A/RemoteViewServices
0x00007fff6a34a000 	/System/Library/PrivateFrameworks/XCTTargetBootstrap.framework/Versions/A/XCTTargetBootstrap
0x00007fff36d49000 	/System/Library/Frameworks/CoreDisplay.framework/Versions/A/CoreDisplay
0x00007fff3c28c000 	/System/Library/Frameworks/Metal.framework/Versions/A/Metal
0x00007fff5061a000 	/System/Library/PrivateFrameworks/DesktopServicesPriv.framework/Versions/A/DesktopServicesPriv
0x00007fff6c147000 	/usr/lib/liblangid.dylib
0x00007fff4f771000 	/System/Library/PrivateFrameworks/CoreSVG.framework/Versions/A/CoreSVG
0x00007fff64e78000 	/System/Library/PrivateFrameworks/SkyLight.framework/Versions/A/SkyLight
0x00007fff372d7000 	/System/Library/Frameworks/CoreGraphics.framework/Versions/A/CoreGraphics
0x00007fff32c26000 	/System/Library/Frameworks/Accelerate.framework/Versions/A/Accelerate
0x00007fff6d425000 	/usr/lib/libxml2.2.dylib
0x00007fff5b307000 	/System/Library/PrivateFrameworks/IconServices.framework/Versions/A/IconServices
0x00007fff39cfb000 	/System/Library/Frameworks/IOSurface.framework/Versions/A/IOSurface
0x00007fff6ab54000 	/usr/lib/libDiagnosticMessagesClient.dylib
0x00007fff50493000 	/System/Library/PrivateFrameworks/DFRFoundation.framework/Versions/A/DFRFoundation
0x00007fff6bed5000 	/usr/lib/libicucore.A.dylib
0x00007fff351bf000 	/System/Library/Frameworks/AudioToolbox.framework/Versions/A/AudioToolbox
0x00007fff352a1000 	/System/Library/Frameworks/AudioUnit.framework/Versions/A/AudioUnit
0x00007fff6b21e000 	/usr/lib/libauto.dylib
0x00007fff50514000 	/System/Library/PrivateFrameworks/DataDetectorsCore.framework/Versions/A/DataDetectorsCore
0x00007fff35a0d000 	/System/Library/Frameworks/Carbon.framework/Versions/A/Frameworks/HIToolbox.framework/Versions/A/HIToolbox
0x00007fff426d6000 	/System/Library/Frameworks/QuartzCore.framework/Versions/A/QuartzCore
0x00007fff35d4c000 	/System/Library/Frameworks/Carbon.framework/Versions/A/Frameworks/SpeechRecognition.framework/Versions/A/SpeechRecognition
0x00007fff4fe17000 	/System/Library/PrivateFrameworks/CoreUI.framework/Versions/A/CoreUI
0x00007fff363d0000 	/System/Library/Frameworks/CoreAudio.framework/Versions/A/CoreAudio
0x00007fff391e1000 	/System/Library/Frameworks/DiskArbitration.framework/Versions/A/DiskArbitration
0x00007fff5d310000 	/System/Library/PrivateFrameworks/MultitouchSupport.framework/Versions/A/MultitouchSupport
0x00007fff6bd9b000 	/usr/lib/libenergytrace.dylib
0x00007fff39c56000 	/System/Library/Frameworks/IOKit.framework/Versions/A/IOKit
0x00007fff38243000 	/System/Library/Frameworks/CoreServices.framework/Versions/A/CoreServices
0x00007fff5f386000 	/System/Library/PrivateFrameworks/PerformanceAnalysis.framework/Versions/A/PerformanceAnalysis
0x00007fff4170d000 	/System/Library/Frameworks/OpenGL.framework/Versions/A/OpenGL
0x00007fff35efb000 	/System/Library/Frameworks/ColorSync.framework/Versions/A/ColorSync
0x00007fff3795d000 	/System/Library/Frameworks/CoreImage.framework/Versions/A/CoreImage
0x00007fff38cb8000 	/System/Library/Frameworks/CoreText.framework/Versions/A/CoreText
0x00007fff39d82000 	/System/Library/Frameworks/ImageIO.framework/Versions/A/ImageIO
0x00007fff6b2fa000 	/usr/lib/libc++.1.dylib
0x00007fff6b376000 	/usr/lib/libcompression.dylib
0x00007fff6ae96000 	/usr/lib/libMobileGestalt.dylib
0x00007fff669a9000 	/System/Library/PrivateFrameworks/TextureIO.framework/Versions/A/TextureIO
0x00007fff6b184000 	/usr/lib/libate.dylib
0x00007fff5b50f000 	/System/Library/PrivateFrameworks/InternationalSupport.framework/Versions/A/InternationalSupport
0x00007fff6dfac000 	/usr/lib/system/libcache.dylib
0x00007fff6dfb2000 	/usr/lib/system/libcommonCrypto.dylib
0x00007fff6dfbe000 	/usr/lib/system/libcompiler_rt.dylib
0x00007fff6dfc6000 	/usr/lib/system/libcopyfile.dylib
0x00007fff6dfd0000 	/usr/lib/system/libcorecrypto.dylib
0x00007fff6e17e000 	/usr/lib/system/libdispatch.dylib
0x00007fff6e1c0000 	/usr/lib/system/libdyld.dylib
0x00007fff6e1f6000 	/usr/lib/system/libkeymgr.dylib
0x00007fff6e204000 	/usr/lib/system/liblaunch.dylib
0x00007fff6e205000 	/usr/lib/system/libmacho.dylib
0x00007fff6e20b000 	/usr/lib/system/libquarantine.dylib
0x00007fff6e20e000 	/usr/lib/system/libremovefile.dylib
0x00007fff6e210000 	/usr/lib/system/libsystem_asl.dylib
0x00007fff6e228000 	/usr/lib/system/libsystem_blocks.dylib
0x00007fff6e229000 	/usr/lib/system/libsystem_c.dylib
0x00007fff6e2b1000 	/usr/lib/system/libsystem_configuration.dylib
0x00007fff6e2b5000 	/usr/lib/system/libsystem_coreservices.dylib
0x00007fff6e2b9000 	/usr/lib/system/libsystem_darwin.dylib
0x00007fff6e2c1000 	/usr/lib/system/libsystem_dnssd.dylib
0x00007fff6e2c9000 	/usr/lib/system/libsystem_featureflags.dylib
0x00007fff6e2cb000 	/usr/lib/system/libsystem_info.dylib
0x00007fff6e346000 	/usr/lib/system/libsystem_m.dylib
0x00007fff6e38e000 	/usr/lib/system/libsystem_malloc.dylib
0x00007fff6e3b6000 	/usr/lib/system/libsystem_networkextension.dylib
0x00007fff6e3c4000 	/usr/lib/system/libsystem_notify.dylib
0x00007fff6e3e3000 	/usr/lib/system/libsystem_sandbox.dylib
0x00007fff6e3e8000 	/usr/lib/system/libsystem_secinit.dylib
0x00007fff6e319000 	/usr/lib/system/libsystem_kernel.dylib
0x00007fff6e3ce000 	/usr/lib/system/libsystem_platform.dylib
0x00007fff6e3d8000 	/usr/lib/system/libsystem_pthread.dylib
0x00007fff6e3eb000 	/usr/lib/system/libsystem_symptoms.dylib
0x00007fff6e3f3000 	/usr/lib/system/libsystem_trace.dylib
0x00007fff6e40b000 	/usr/lib/system/libunwind.dylib
0x00007fff6e411000 	/usr/lib/system/libxpc.dylib
0x00007fff6b34e000 	/usr/lib/libc++abi.dylib
0x00007fff6c149000 	/usr/lib/liblzma.5.dylib
0x00007fff6bdc3000 	/usr/lib/libfakelink.dylib
0x00007fff6b111000 	/usr/lib/libarchive.2.dylib
0x00007fff4465b000 	/System/Library/Frameworks/SystemConfiguration.framework/Versions/A/SystemConfiguration
0x00007fff6aa85000 	/usr/lib/libCRFSuite.dylib
0x00007fff35617000 	/System/Library/Frameworks/CFNetwork.framework/Versions/A/CFNetwork
0x00007fff6b2dc000 	/usr/lib/libbsm.0.dylib
0x00007fff6e1f7000 	/usr/lib/system/libkxld.dylib
0x00007fff49fb0000 	/System/Library/PrivateFrameworks/AppleFSCompression.framework/Versions/A/AppleFSCompression
0x00007fff6b65a000 	/usr/lib/libcoretls.dylib
0x00007fff6b671000 	/usr/lib/libcoretls_cfhelpers.dylib
0x00007fff6cea0000 	/usr/lib/libpam.2.dylib
0x00007fff6cfd0000 	/usr/lib/libsqlite3.dylib
0x00007fff6d412000 	/usr/lib/libxar.1.dylib
0x00007fff6b2ed000 	/usr/lib/libbz2.1.0.dylib
0x00007fff6bde4000 	/usr/lib/libiconv.2.dylib
0x00007fff6b363000 	/usr/lib/libcharset.1.dylib
0x00007fff6c94b000 	/usr/lib/libnetwork.dylib
0x00007fff6cea7000 	/usr/lib/libpcap.A.dylib
0x00007fff6b0c6000 	/usr/lib/libapple_nghttp2.dylib
0x00007fff385fa000 	/System/Library/Frameworks/CoreServices.framework/Versions/A/Frameworks/FSEvents.framework/Versions/A/FSEvents
0x00007fff382ca000 	/System/Library/Frameworks/CoreServices.framework/Versions/A/Frameworks/CarbonCore.framework/Versions/A/CarbonCore
0x00007fff3883d000 	/System/Library/Frameworks/CoreServices.framework/Versions/A/Frameworks/Metadata.framework/Versions/A/Metadata
0x00007fff388d6000 	/System/Library/Frameworks/CoreServices.framework/Versions/A/Frameworks/OSServices.framework/Versions/A/OSServices
0x00007fff38904000 	/System/Library/Frameworks/CoreServices.framework/Versions/A/Frameworks/SearchKit.framework/Versions/A/SearchKit
0x00007fff38244000 	/System/Library/Frameworks/CoreServices.framework/Versions/A/Frameworks/AE.framework/Versions/A/AE
0x00007fff38603000 	/System/Library/Frameworks/CoreServices.framework/Versions/A/Frameworks/LaunchServices.framework/Versions/A/LaunchServices
0x00007fff385ac000 	/System/Library/Frameworks/CoreServices.framework/Versions/A/Frameworks/DictionaryServices.framework/Versions/A/DictionaryServices
0x00007fff3896c000 	/System/Library/Frameworks/CoreServices.framework/Versions/A/Frameworks/SharedFileList.framework/Versions/A/SharedFileList
0x00007fff3d561000 	/System/Library/Frameworks/NetFS.framework/Versions/A/NetFS
0x00007fff5d7b3000 	/System/Library/PrivateFrameworks/NetAuth.framework/Versions/A/NetAuth
0x00007fff6a714000 	/System/Library/PrivateFrameworks/login.framework/Versions/A/Frameworks/loginsupport.framework/Versions/A/loginsupport
0x00007fff664a7000 	/System/Library/PrivateFrameworks/TCC.framework/Versions/A/TCC
0x00007fff4eb44000 	/System/Library/PrivateFrameworks/CoreNLP.framework/Versions/A/CoreNLP
0x00007fff5cd40000 	/System/Library/PrivateFrameworks/MetadataUtilities.framework/Versions/A/MetadataUtilities
0x00007fff6c221000 	/usr/lib/libmecabra.dylib
0x00007fff6c179000 	/usr/lib/libmecab.dylib
0x00007fff6bdd4000 	/usr/lib/libgermantok.dylib
0x00007fff6b0ad000 	/usr/lib/libThaiTokenizer.dylib
0x00007fff6aabd000 	/usr/lib/libChineseTokenizer.dylib
0x00007fff32c3e000 	/System/Library/Frameworks/Accelerate.framework/Versions/A/Frameworks/vImage.framework/Versions/A/vImage
0x00007fff33ee0000 	/System/Library/Frameworks/Accelerate.framework/Versions/A/Frameworks/vecLib.framework/Versions/A/vecLib
0x00007fff33e24000 	/System/Library/Frameworks/Accelerate.framework/Versions/A/Frameworks/vecLib.framework/Versions/A/libvMisc.dylib
0x00007fff33c4a000 	/System/Library/Frameworks/Accelerate.framework/Versions/A/Frameworks/vecLib.framework/Versions/A/libvDSP.dylib
0x00007fff332aa000 	/System/Library/Frameworks/Accelerate.framework/Versions/A/Frameworks/vecLib.framework/Versions/A/libBLAS.dylib
0x00007fff33804000 	/System/Library/Frameworks/Accelerate.framework/Versions/A/Frameworks/vecLib.framework/Versions/A/libLAPACK.dylib
0x00007fff33baa000 	/System/Library/Frameworks/Accelerate.framework/Versions/A/Frameworks/vecLib.framework/Versions/A/libLinearAlgebra.dylib
0x00007fff33c37000 	/System/Library/Frameworks/Accelerate.framework/Versions/A/Frameworks/vecLib.framework/Versions/A/libSparseBLAS.dylib
0x00007fff33bc0000 	/System/Library/Frameworks/Accelerate.framework/Versions/A/Frameworks/vecLib.framework/Versions/A/libQuadrature.dylib
0x00007fff33513000 	/System/Library/Frameworks/Accelerate.framework/Versions/A/Frameworks/vecLib.framework/Versions/A/libBNNS.dylib
0x00007fff33bc6000 	/System/Library/Frameworks/Accelerate.framework/Versions/A/Frameworks/vecLib.framework/Versions/A/libSparse.dylib
0x00007fff5b8cd000 	/System/Library/PrivateFrameworks/LanguageModeling.framework/Versions/A/LanguageModeling
0x00007fff4e4e3000 	/System/Library/PrivateFrameworks/CoreEmoji.framework/Versions/A/CoreEmoji
0x00007fff5b9eb000 	/System/Library/PrivateFrameworks/LinguisticData.framework/Versions/A/LinguisticData
0x00007fff5b99c000 	/System/Library/PrivateFrameworks/Lexicon.framework/Versions/A/Lexicon
0x00007fff6b364000 	/usr/lib/libcmph.dylib
0x00007fff40133000 	/System/Library/Frameworks/OpenDirectory.framework/Versions/A/Frameworks/CFOpenDirectory.framework/Versions/A/CFOpenDirectory
0x00007fff40150000 	/System/Library/Frameworks/OpenDirectory.framework/Versions/A/OpenDirectory
0x00007fff48421000 	/System/Library/PrivateFrameworks/APFS.framework/Versions/A/APFS
0x00007fff437e8000 	/System/Library/Frameworks/SecurityFoundation.framework/Versions/A/SecurityFoundation
0x00007fff6d40e000 	/usr/lib/libutil.dylib
0x00007fff4f7c9000 	/System/Library/PrivateFrameworks/CoreServicesStore.framework/Versions/A/CoreServicesStore
0x00007fff438ca000 	/System/Library/Frameworks/ServiceManagement.framework/Versions/A/ServiceManagement
0x00007fff4b762000 	/System/Library/PrivateFrameworks/BackgroundTaskManagement.framework/Versions/A/BackgroundTaskManagement
0x00007fff6d50b000 	/usr/lib/libxslt.1.dylib
0x00007fff4a613000 	/System/Library/PrivateFrameworks/AppleSystemInfo.framework/Versions/A/AppleSystemInfo
0x00007fff39f9e000 	/System/Library/Frameworks/ImageIO.framework/Versions/A/Resources/libJPEG.dylib
0x00007fff3a25d000 	/System/Library/Frameworks/ImageIO.framework/Versions/A/Resources/libTIFF.dylib
0x00007fff3a240000 	/System/Library/Frameworks/ImageIO.framework/Versions/A/Resources/libPng.dylib
0x00007fff39edf000 	/System/Library/Frameworks/ImageIO.framework/Versions/A/Resources/libGIF.dylib
0x00007fff39ee3000 	/System/Library/Frameworks/ImageIO.framework/Versions/A/Resources/libJP2.dylib
0x00007fff3a25b000 	/System/Library/Frameworks/ImageIO.framework/Versions/A/Resources/libRadiance.dylib
0x00007fff6bd9c000 	/usr/lib/libexpat.1.dylib
0x00007fff4a10b000 	/System/Library/PrivateFrameworks/AppleJPEG.framework/Versions/A/AppleJPEG
0x00007fff52a14000 	/System/Library/PrivateFrameworks/FontServices.framework/libFontParser.dylib
0x00007fff69772000 	/System/Library/PrivateFrameworks/WatchdogClient.framework/Versions/A/WatchdogClient
0x00007fff5af5c000 	/System/Library/PrivateFrameworks/IOAccelerator.framework/Versions/A/IOAccelerator
0x00007fff3c61a000 	/System/Library/Frameworks/MetalPerformanceShaders.framework/Versions/A/MetalPerformanceShaders
0x00007fff57761000 	/System/Library/PrivateFrameworks/GPUWrangler.framework/Versions/A/GPUWrangler
0x00007fff5af67000 	/System/Library/PrivateFrameworks/IOPresentment.framework/Versions/A/IOPresentment
0x00007fff504a6000 	/System/Library/PrivateFrameworks/DSExternalDisplay.framework/Versions/A/DSExternalDisplay
0x00007fff40ab9000 	/System/Library/Frameworks/OpenGL.framework/Versions/A/Libraries/libCoreFSCache.dylib
0x00007fff3c36c000 	/System/Library/Frameworks/MetalPerformanceShaders.framework/Frameworks/MPSCore.framework/Versions/A/MPSCore
0x00007fff3c3a9000 	/System/Library/Frameworks/MetalPerformanceShaders.framework/Frameworks/MPSImage.framework/Versions/A/MPSImage
0x00007fff3c46b000 	/System/Library/Frameworks/MetalPerformanceShaders.framework/Frameworks/MPSNeuralNetwork.framework/Versions/A/MPSNeuralNetwork
0x00007fff3c430000 	/System/Library/Frameworks/MetalPerformanceShaders.framework/Frameworks/MPSMatrix.framework/Versions/A/MPSMatrix
0x00007fff3c5cb000 	/System/Library/Frameworks/MetalPerformanceShaders.framework/Frameworks/MPSRayIntersector.framework/Versions/A/MPSRayIntersector
0x00007fff3c455000 	/System/Library/Frameworks/MetalPerformanceShaders.framework/Frameworks/MPSNDArray.framework/Versions/A/MPSNDArray
0x00007fff5cd8d000 	/System/Library/PrivateFrameworks/MetalTools.framework/Versions/A/MetalTools
0x00007fff495c1000 	/System/Library/PrivateFrameworks/AggregateDictionary.framework/Versions/A/AggregateDictionary
0x00007fff4df76000 	/System/Library/PrivateFrameworks/CoreAnalytics.framework/Versions/A/CoreAnalytics
0x00007fff4a531000 	/System/Library/PrivateFrameworks/AppleSauce.framework/Versions/A/AppleSauce
0x00007fff6ad79000 	/usr/lib/libIOReport.dylib
0x00007fff38e6d000 	/System/Library/Frameworks/CoreVideo.framework/Versions/A/CoreVideo
0x00007fff58bc6000 	/System/Library/PrivateFrameworks/GraphVisualizer.framework/Versions/A/GraphVisualizer
0x00007fff51f93000 	/System/Library/PrivateFrameworks/FaceCore.framework/Versions/A/FaceCore
0x00007fff400da000 	/System/Library/Frameworks/OpenCL.framework/Versions/A/OpenCL
0x00007fff6ab9b000 	/usr/lib/libFosl_dynamic.dylib
0x00007fff5e1ab000 	/System/Library/PrivateFrameworks/OTSVG.framework/Versions/A/OTSVG
0x00007fff34f92000 	/System/Library/Frameworks/ApplicationServices.framework/Versions/A/Frameworks/ATS.framework/Versions/A/Resources/libFontRegistry.dylib
0x00007fff52be5000 	/System/Library/PrivateFrameworks/FontServices.framework/libhvf.dylib
0x00007fff40ac4000 	/System/Library/Frameworks/OpenGL.framework/Versions/A/Libraries/libGFXShared.dylib
0x00007fff40ca1000 	/System/Library/Frameworks/OpenGL.framework/Versions/A/Libraries/libGLU.dylib
0x00007fff40acd000 	/System/Library/Frameworks/OpenGL.framework/Versions/A/Libraries/libGL.dylib
0x00007fff40ad8000 	/System/Library/Frameworks/OpenGL.framework/Versions/A/Libraries/libGLImage.dylib
0x00007fff40ab6000 	/System/Library/Frameworks/OpenGL.framework/Versions/A/Libraries/libCVMSPluginSupport.dylib
0x00007fff40abf000 	/System/Library/Frameworks/OpenGL.framework/Versions/A/Libraries/libCoreVMClient.dylib
0x00007fff6c7ed000 	/usr/lib/libncurses.5.4.dylib
0x00007fff34e8e000 	/System/Library/Frameworks/ApplicationServices.framework/Versions/A/Frameworks/ATS.framework/Versions/A/ATS
0x00007fff3505b000 	/System/Library/Frameworks/ApplicationServices.framework/Versions/A/Frameworks/ColorSyncLegacy.framework/Versions/A/ColorSyncLegacy
0x00007fff350fa000 	/System/Library/Frameworks/ApplicationServices.framework/Versions/A/Frameworks/HIServices.framework/Versions/A/HIServices
0x00007fff35151000 	/System/Library/Frameworks/ApplicationServices.framework/Versions/A/Frameworks/LangAnalysis.framework/Versions/A/LangAnalysis
0x00007fff35160000 	/System/Library/Frameworks/ApplicationServices.framework/Versions/A/Frameworks/PrintCore.framework/Versions/A/PrintCore
0x00007fff351a6000 	/System/Library/Frameworks/ApplicationServices.framework/Versions/A/Frameworks/QD.framework/Versions/A/QD
0x00007fff351b1000 	/System/Library/Frameworks/ApplicationServices.framework/Versions/A/Frameworks/SpeechSynthesis.framework/Versions/A/SpeechSynthesis
0x00007fff3502b000 	/System/Library/Frameworks/ApplicationServices.framework/Versions/A/Frameworks/ATSUI.framework/Versions/A/ATSUI
0x00007fff6bc30000 	/usr/lib/libcups.2.dylib
0x00007fff3b6cb000 	/System/Library/Frameworks/Kerberos.framework/Versions/A/Kerberos
0x00007fff3994d000 	/System/Library/Frameworks/GSS.framework/Versions/A/GSS
0x00007fff6cf5c000 	/usr/lib/libresolv.9.dylib
0x00007fff58d67000 	/System/Library/PrivateFrameworks/Heimdal.framework/Versions/A/Heimdal
0x00007fff3b6de000 	/System/Library/Frameworks/Kerberos.framework/Versions/A/Libraries/libHeimdalProxy.dylib
0x00007fff6bdda000 	/usr/lib/libheimdal-asn1.dylib
0x00007fff4d41a000 	/System/Library/PrivateFrameworks/CommonAuth.framework/Versions/A/CommonAuth
0x00007fff4a6b0000 	/System/Library/PrivateFrameworks/AssertionServices.framework/Versions/A/AssertionServices
0x00007fff4b250000 	/System/Library/PrivateFrameworks/AudioToolboxCore.framework/Versions/A/AudioToolboxCore
0x00007fff6a3c6000 	/System/Library/PrivateFrameworks/caulk.framework/Versions/A/caulk
0x00007fff4b80e000 	/System/Library/PrivateFrameworks/BaseBoard.framework/Versions/A/BaseBoard
0x00007fff62286000 	/System/Library/PrivateFrameworks/RunningBoardServices.framework/Versions/A/RunningBoardServices
0x00007fff5f392000 	/System/Library/PrivateFrameworks/PersistentConnection.framework/Versions/A/PersistentConnection
0x00007fff61cda000 	/System/Library/PrivateFrameworks/ProtocolBuffer.framework/Versions/A/ProtocolBuffer
0x00007fff4d43f000 	/System/Library/PrivateFrameworks/CommonUtilities.framework/Versions/A/CommonUtilities
0x00007fff4b991000 	/System/Library/PrivateFrameworks/Bom.framework/Versions/A/Bom
0x00007fff6aa49000 	/usr/lib/libAudioToolboxUtility.dylib
0x00007fff4b76c000 	/System/Library/PrivateFrameworks/Backup.framework/Versions/A/Backup
0x00007fff50214000 	/System/Library/PrivateFrameworks/CrashReporterSupport.framework/Versions/A/CrashReporterSupport
0x00007fff63d20000 	/System/Library/PrivateFrameworks/Sharing.framework/Versions/A/Sharing
0x00007fff49e56000 	/System/Library/PrivateFrameworks/Apple80211.framework/Versions/A/Apple80211
0x00007fff4b48e000 	/System/Library/PrivateFrameworks/AuthKit.framework/Versions/A/AuthKit
0x00007fff4ff44000 	/System/Library/PrivateFrameworks/CoreUtils.framework/Versions/A/CoreUtils
0x00007fff38eb2000 	/System/Library/Frameworks/CoreWLAN.framework/Versions/A/CoreWLAN
0x00007fff39ad7000 	/System/Library/Frameworks/IOBluetooth.framework/Versions/A/IOBluetooth
0x00007fff5d08b000 	/System/Library/PrivateFrameworks/MobileKeyBag.framework/Versions/A/MobileKeyBag
0x00007fff4f01d000 	/System/Library/PrivateFrameworks/CorePhoneNumbers.framework/Versions/A/CorePhoneNumbers
0x00007fff4a0be000 	/System/Library/PrivateFrameworks/AppleIDAuthSupport.framework/Versions/A/AppleIDAuthSupport
0x00007fff3d56e000 	/System/Library/Frameworks/Network.framework/Versions/A/Network
0x00007fff5b756000 	/System/Library/PrivateFrameworks/KeychainCircle.framework/Versions/A/KeychainCircle
0x00007fff36932000 	/System/Library/Frameworks/CoreBluetooth.framework/Versions/A/CoreBluetooth
0x00007fff659b8000 	/System/Library/PrivateFrameworks/SpeechRecognitionCore.framework/Versions/A/SpeechRecognitionCore
0x0000000105000000 	/Users/dmitriyboichuk/Desktop/Android Studio 4.0 Preview.app/Contents/jre/jdk/Contents/Home/jre/lib/server/libjvm.dylib
0x00007fff6d2e1000 	/usr/lib/libstdc++.6.dylib
0x0000000103f4b000 	/Users/dmitriyboichuk/Desktop/Android Studio 4.0 Preview.app/Contents/jre/jdk/Contents/Home/jre/lib/libverify.dylib
0x0000000103f58000 	/Users/dmitriyboichuk/Desktop/Android Studio 4.0 Preview.app/Contents/jre/jdk/Contents/Home/jre/lib/libjava.dylib
0x0000000103fe7000 	/Users/dmitriyboichuk/Desktop/Android Studio 4.0 Preview.app/Contents/jre/jdk/Contents/Home/jre/lib/libzip.dylib
0x0000000107933000 	/Users/dmitriyboichuk/Desktop/Android Studio 4.0 Preview.app/Contents/jre/jdk/Contents/Home/jre/lib/libnet.dylib
0x0000000107950000 	/Users/dmitriyboichuk/Desktop/Android Studio 4.0 Preview.app/Contents/jre/jdk/Contents/Home/jre/lib/libnio.dylib
0x0000000107965000 	/Users/dmitriyboichuk/.gradle/native/31/osx-amd64/libnative-platform.dylib
0x0000000107c8e000 	/Users/dmitriyboichuk/Desktop/Android Studio 4.0 Preview.app/Contents/jre/jdk/Contents/Home/jre/lib/libmanagement.dylib
0x0000000120f43000 	/Users/dmitriyboichuk/Desktop/Android Studio 4.0 Preview.app/Contents/jre/jdk/Contents/Home/jre/lib/libsunec.dylib
0x00007fff6d3b2000 	/usr/lib/libusrtcp.dylib

VM Arguments:
jvm_args: -Xmx1536m -Dfile.encoding=UTF-8 -Duser.country=GB -Duser.language=en -Duser.variant 
java_command: org.gradle.launcher.daemon.bootstrap.GradleDaemon 6.1-milestone-1
java_class_path (initial): /Users/dmitriyboichuk/.gradle/wrapper/dists/gradle-6.1-milestone-1-all/1qpm2qovwqbkofp5ekb21c9gy/gradle-6.1-milestone-1/lib/gradle-launcher-6.1.jar
Launcher Type: SUN_STANDARD

Environment Variables:
PATH=/Users/dmitriyboichuk/.rvm/gems/ruby-2.6.3/bin:/Users/dmitriyboichuk/.rvm/gems/ruby-2.6.3@global/bin:/Users/dmitriyboichuk/.rvm/rubies/ruby-2.6.3/bin:/usr/local/bin:/usr/bin:/bin:/usr/sbin:/sbin:/Users/dmitriyboichuk/.rvm/bin
SHELL=/bin/zsh

Signal Handlers:
SIGSEGV: [libjvm.dylib+0x5609d5], sa_mask[0]=11111111011111110111111111111111, sa_flags=SA_ONSTACK|SA_RESTART|SA_SIGINFO
SIGBUS: [libjvm.dylib+0x5609d5], sa_mask[0]=11111111011111110111111111111111, sa_flags=SA_RESTART|SA_SIGINFO
SIGFPE: [libjvm.dylib+0x458695], sa_mask[0]=11111111011111110111111111111111, sa_flags=SA_RESTART|SA_SIGINFO
SIGPIPE: [libjvm.dylib+0x458695], sa_mask[0]=11111111011111110111111111111111, sa_flags=SA_RESTART|SA_SIGINFO
SIGXFSZ: [libjvm.dylib+0x458695], sa_mask[0]=11111111011111110111111111111111, sa_flags=SA_RESTART|SA_SIGINFO
SIGILL: [libjvm.dylib+0x458695], sa_mask[0]=11111111011111110111111111111111, sa_flags=SA_RESTART|SA_SIGINFO
SIGUSR1: SIG_DFL, sa_mask[0]=00000000000000000000000000000000, sa_flags=none
SIGUSR2: [libjvm.dylib+0x458f94], sa_mask[0]=00100000000000000000000000000000, sa_flags=SA_RESTART|SA_SIGINFO
SIGHUP: [libjvm.dylib+0x4571b9], sa_mask[0]=11111111011111110111111111111111, sa_flags=SA_RESTART|SA_SIGINFO
SIGINT: [libjvm.dylib+0x4571b9], sa_mask[0]=11111111011111110111111111111111, sa_flags=SA_RESTART|SA_SIGINFO
SIGTERM: [libjvm.dylib+0x4571b9], sa_mask[0]=11111111011111110111111111111111, sa_flags=SA_RESTART|SA_SIGINFO
SIGQUIT: [libjvm.dylib+0x4571b9], sa_mask[0]=11111111011111110111111111111111, sa_flags=SA_RESTART|SA_SIGINFO


---------------  S Y S T E M  ---------------

OS:Bsduname:Darwin 19.0.0 Darwin Kernel Version 19.0.0: Thu Oct 17 16:17:15 PDT 2019; root:xnu-6153.41.3~29/RELEASE_X86_64 x86_64
rlimit: STACK 8192k, CORE 0k, NPROC 5568, NOFILE 10240, AS infinity
load average:8.96 4.12 2.91

CPU:total 8 (initial active 8) (4 cores per cpu, 2 threads per core) family 6 model 60 stepping 3, cmov, cx8, fxsr, mmx, sse, sse2, sse3, ssse3, sse4.1, sse4.2, popcnt, avx, avx2, aes, clmul, erms, lzcnt, ht, tsc, tscinvbit, bmi1, bmi2

Memory: 4k page, physical 33554432k(22336k free)

/proc/meminfo:


vm_info: OpenJDK 64-Bit Server VM (25.212-b4-5784211) for bsd-amd64 JRE (1.8.0_212-release-1586-b4-5784211), built by "android-build" with gcc 4.2.1 Compatible Android (5657785 based on r353983d) Clang 9.0.4 (https://android.googlesource.com/toolchain/llvm-project 2a90cc9d899e6fe6dcf0da193244b25f75735c7b)

time: Mon Dec  9 16:36:37 2019
timezone: EET
elapsed time: 189 seconds (0d 0h 3m 9s)

